<?xml version="1.0" encoding="UTF-8"?>
<!-- Generated by org.testng.reporters.JUnitReportReporter -->
<testsuite hostname="TYSS-Yogita" failures="0" tests="1" name="testngBasics.RegisterTest" time="5.955" errors="0" timestamp="2024-03-18T20:54:02 IST" skipped="0">
  <testcase classname="testngBasics.RegisterTest" name="registerTest" time="5.955"/>
  <system-out/>
</testsuite> <!-- testngBasics.RegisterTest -->
