<?xml version="1.0" encoding="UTF-8"?>
<!-- Generated by org.testng.reporters.JUnitReportReporter -->
<testsuite hostname="TYSS-Yogita" failures="0" tests="2" name="testngBasics.LearningDataProviderRegister" time="0.008" errors="0" timestamp="2024-03-18T20:52:26 IST" skipped="0">
  <testcase classname="testngBasics.LearningDataProviderRegister" name="test" time="0.001"/>
  <system-out/>
  <testcase classname="testngBasics.LearningDataProviderRegister" name="test" time="0.007"/>
  <system-out/>
</testsuite> <!-- testngBasics.LearningDataProviderRegister -->
