<?xml version="1.0" encoding="UTF-8"?>
<!-- Generated by org.testng.reporters.JUnitReportReporter -->
<testsuite hostname="TYSS-Yogita" failures="0" tests="4" name="testngBasics.LearningDataProvider" time="0.008" errors="0" timestamp="2024-03-19T11:43:14 IST" skipped="0">
  <testcase classname="testngBasics.LearningDataProvider" name="test" time="0.005"/>
  <system-out/>
  <testcase classname="testngBasics.LearningDataProvider" name="test" time="0.001"/>
  <system-out/>
  <testcase classname="testngBasics.LearningDataProvider" name="test" time="0.001"/>
  <system-out/>
  <testcase classname="testngBasics.LearningDataProvider" name="test" time="0.001"/>
  <system-out/>
</testsuite> <!-- testngBasics.LearningDataProvider -->
