<?xml version="1.0" encoding="UTF-8"?>
<!-- Generated by org.testng.reporters.JUnitReportReporter -->
<testsuite hostname="TYSS-Yogita" failures="0" tests="2" name="testngBasics.LoginDataProvider" time="23.373" errors="0" timestamp="2024-03-13T18:49:17 IST" skipped="0">
  <testcase classname="testngBasics.LoginDataProvider" name="loginTest" time="13.112"/>
  <system-out/>
  <testcase classname="testngBasics.LoginDataProvider" name="loginTest" time="10.261"/>
  <system-out/>
</testsuite> <!-- testngBasics.LoginDataProvider -->
