<?xml version="1.0" encoding="UTF-8"?>
<!-- Generated by org.testng.reporters.JUnitReportReporter -->
<testsuite hostname="TYSS-Yogita" failures="0" tests="4" name="testngBasics.LearningPriority" time="0.010" errors="0" timestamp="2024-03-07T19:51:17 IST" skipped="0">
  <testcase classname="testngBasics.LearningPriority" name="registerTest" time="0.007"/>
  <system-out/>
  <testcase classname="testngBasics.LearningPriority" name="loginTest" time="0.001"/>
  <system-out/>
  <testcase classname="testngBasics.LearningPriority" name="wishlistTest" time="0.001"/>
  <system-out/>
  <testcase classname="testngBasics.LearningPriority" name="addToCartTest" time="0.001"/>
  <system-out/>
</testsuite> <!-- testngBasics.LearningPriority -->
