<?xml version="1.0" encoding="UTF-8"?>
<!-- Generated by org.testng.reporters.JUnitReportReporter -->
<testsuite hostname="TYSS-Yogita" failures="0" tests="1" name="testngBasics.LearningGroups" time="0.008" errors="0" timestamp="2024-03-11T19:28:03 IST" skipped="0">
  <testcase classname="testngBasics.LearningGroups" name="wishlistTest" time="0.008"/>
  <system-out/>
</testsuite> <!-- testngBasics.LearningGroups -->
