<?xml version="1.0" encoding="UTF-8"?>
<!-- Generated by org.testng.reporters.JUnitReportReporter -->
<testsuite hostname="TYSS-Yogita" failures="0" tests="1" name="testngBasics.SampleTest" time="0.007" errors="0" timestamp="2024-03-07T19:41:55 IST" skipped="0">
  <testcase classname="testngBasics.SampleTest" name="testCaseName" time="0.007"/>
  <system-out/>
</testsuite> <!-- testngBasics.SampleTest -->
