<?xml version="1.0" encoding="UTF-8"?>
<!-- Generated by org.testng.reporters.JUnitReportReporter -->
<testsuite hostname="TYSS-Yogita" failures="0" tests="1" name="testngBasics.LoginTest" time="7.175" errors="0" timestamp="2024-03-18T20:55:38 IST" skipped="0">
  <testcase classname="testngBasics.LoginTest" name="loginTest" time="7.175"/>
  <system-out/>
</testsuite> <!-- testngBasics.LoginTest -->
