<?xml version="1.0" encoding="UTF-8"?>
<!-- Generated by org.testng.reporters.JUnitReportReporter -->
<testsuite hostname="TYSS-Yogita" failures="0" tests="1" name="testngBasics.ConfigurationAnnotation" time="0.010" errors="0" timestamp="2024-03-08T19:34:58 IST" skipped="0">
  <testcase classname="testngBasics.ConfigurationAnnotation" name="testAnnotation" time="0.010"/>
  <system-out/>
</testsuite> <!-- testngBasics.ConfigurationAnnotation -->
